PersianDate/build/intermediates/manifest_merge_blame_file/debug/processDebugManifest/manifest-merger-blame-debug-report.txt
1<?xml version="1.0" encoding="utf-8"?>
2<manifest xmlns:android="http://schemas.android.com/apk/res/android"
3    package="com.github.samanzamani.persiandate" >
4
5    <uses-sdk android:minSdkVersion="21" />
6
7    <application android:label="@string/app_name" >
7-->src\main\AndroidManifest.xml:5:5-7:19
7-->src\main\AndroidManifest.xml:5:18-50
8    </application>
9
10</manifest>